<?xml version="1.0" ?>
<coverage version="7.13.1" timestamp="1767779571885" lines-valid="3812" lines-covered="157" line-rate="0.04119" branches-valid="1128" branches-covered="17" branch-rate="0.01507" complexity="0">
	<!-- Generated by coverage.py: https://coverage.readthedocs.io/en/7.13.1 -->
	<!-- Based on https://raw.githubusercontent.com/cobertura/web/master/htdocs/xml/coverage-04.dtd -->
	<sources>
		<source>/Users/ccheney/Projects/cream/packages/research/research</source>
	</sources>
	<packages>
		<package name="." line-rate="0.069" branch-rate="0.04848" complexity="0">
			<classes>
				<class name="errors.py" filename="errors.py" complexity="0" line-rate="0" branch-rate="0">
					<methods/>
					<lines>
						<line number="25" hits="0"/>
						<line number="27" hits="0"/>
						<line number="28" hits="0"/>
						<line number="29" hits="0"/>
						<line number="36" hits="0"/>
						<line number="39" hits="0"/>
						<line number="47" hits="0"/>
						<line number="48" hits="0"/>
						<line number="49" hits="0"/>
						<line number="51" hits="0"/>
						<line number="53" hits="0"/>
						<line number="65" hits="0"/>
						<line number="68" hits="0"/>
						<line number="71" hits="0"/>
						<line number="85" hits="0"/>
						<line number="92" hits="0"/>
						<line number="93" hits="0" branch="true" condition-coverage="0% (0/2)" missing-branches="94,95"/>
						<line number="94" hits="0"/>
						<line number="95" hits="0" branch="true" condition-coverage="0% (0/2)" missing-branches="96,97"/>
						<line number="96" hits="0"/>
						<line number="97" hits="0"/>
						<line number="100" hits="0"/>
						<line number="112" hits="0"/>
						<line number="120" hits="0"/>
						<line number="121" hits="0" branch="true" condition-coverage="0% (0/2)" missing-branches="122,123"/>
						<line number="122" hits="0"/>
						<line number="123" hits="0" branch="true" condition-coverage="0% (0/2)" missing-branches="124,125"/>
						<line number="124" hits="0"/>
						<line number="125" hits="0" branch="true" condition-coverage="0% (0/2)" missing-branches="126,127"/>
						<line number="126" hits="0"/>
						<line number="127" hits="0"/>
						<line number="130" hits="0"/>
						<line number="139" hits="0"/>
						<line number="147" hits="0"/>
						<line number="148" hits="0" branch="true" condition-coverage="0% (0/2)" missing-branches="149,150"/>
						<line number="149" hits="0"/>
						<line number="150" hits="0" branch="true" condition-coverage="0% (0/2)" missing-branches="151,152"/>
						<line number="151" hits="0"/>
						<line number="152" hits="0" branch="true" condition-coverage="0% (0/2)" missing-branches="153,154"/>
						<line number="153" hits="0"/>
						<line number="154" hits="0"/>
						<line number="157" hits="0"/>
						<line number="166" hits="0"/>
						<line number="174" hits="0"/>
						<line number="175" hits="0"/>
						<line number="176" hits="0" branch="true" condition-coverage="0% (0/2)" missing-branches="177,178"/>
						<line number="177" hits="0"/>
						<line number="178" hits="0" branch="true" condition-coverage="0% (0/2)" missing-branches="179,180"/>
						<line number="179" hits="0"/>
						<line number="180" hits="0"/>
						<line number="183" hits="0"/>
						<line number="192" hits="0"/>
						<line number="202" hits="0"/>
						<line number="203" hits="0" branch="true" condition-coverage="0% (0/2)" missing-branches="204,205"/>
						<line number="204" hits="0"/>
						<line number="205" hits="0" branch="true" condition-coverage="0% (0/2)" missing-branches="206,207"/>
						<line number="206" hits="0"/>
						<line number="207" hits="0" branch="true" condition-coverage="0% (0/2)" missing-branches="208,209"/>
						<line number="208" hits="0"/>
						<line number="209" hits="0" branch="true" condition-coverage="0% (0/2)" missing-branches="210,211"/>
						<line number="210" hits="0"/>
						<line number="211" hits="0" branch="true" condition-coverage="0% (0/2)" missing-branches="212,213"/>
						<line number="212" hits="0"/>
						<line number="213" hits="0"/>
						<line number="216" hits="0"/>
						<line number="225" hits="0"/>
						<line number="235" hits="0"/>
						<line number="236" hits="0" branch="true" condition-coverage="0% (0/2)" missing-branches="237,238"/>
						<line number="237" hits="0"/>
						<line number="238" hits="0" branch="true" condition-coverage="0% (0/2)" missing-branches="239,240"/>
						<line number="239" hits="0"/>
						<line number="240" hits="0" branch="true" condition-coverage="0% (0/2)" missing-branches="241,242"/>
						<line number="241" hits="0"/>
						<line number="242" hits="0" branch="true" condition-coverage="0% (0/2)" missing-branches="243,244"/>
						<line number="243" hits="0"/>
						<line number="244" hits="0" branch="true" condition-coverage="0% (0/2)" missing-branches="245,246"/>
						<line number="245" hits="0"/>
						<line number="246" hits="0"/>
						<line number="254" hits="0"/>
						<line number="257" hits="0"/>
						<line number="260" hits="0"/>
						<line number="263" hits="0"/>
						<line number="271" hits="0"/>
						<line number="272" hits="0" branch="true" condition-coverage="0% (0/2)" missing-branches="273,274"/>
						<line number="273" hits="0"/>
						<line number="274" hits="0" branch="true" condition-coverage="0% (0/2)" missing-branches="275,276"/>
						<line number="275" hits="0"/>
						<line number="276" hits="0" branch="true" condition-coverage="0% (0/2)" missing-branches="277,278"/>
						<line number="277" hits="0"/>
						<line number="278" hits="0"/>
						<line number="281" hits="0"/>
						<line number="284" hits="0"/>
						<line number="291" hits="0"/>
						<line number="292" hits="0" branch="true" condition-coverage="0% (0/2)" missing-branches="293,294"/>
						<line number="293" hits="0"/>
						<line number="294" hits="0" branch="true" condition-coverage="0% (0/2)" missing-branches="295,297"/>
						<line number="295" hits="0"/>
						<line number="296" hits="0"/>
						<line number="297" hits="0"/>
						<line number="300" hits="0"/>
						<line number="303" hits="0"/>
						<line number="306" hits="0"/>
						<line number="316" hits="0"/>
						<line number="324" hits="0"/>
						<line number="325" hits="0" branch="true" condition-coverage="0% (0/2)" missing-branches="326,327"/>
						<line number="326" hits="0"/>
						<line number="327" hits="0" branch="true" condition-coverage="0% (0/2)" missing-branches="328,329"/>
						<line number="328" hits="0"/>
						<line number="329" hits="0" branch="true" condition-coverage="0% (0/2)" missing-branches="330,331"/>
						<line number="330" hits="0"/>
						<line number="331" hits="0"/>
						<line number="339" hits="0"/>
						<line number="342" hits="0"/>
						<line number="345" hits="0"/>
						<line number="348" hits="0"/>
						<line number="355" hits="0"/>
						<line number="356" hits="0" branch="true" condition-coverage="0% (0/2)" missing-branches="357,358"/>
						<line number="357" hits="0"/>
						<line number="358" hits="0" branch="true" condition-coverage="0% (0/2)" missing-branches="359,360"/>
						<line number="359" hits="0"/>
						<line number="360" hits="0"/>
						<line number="363" hits="0"/>
						<line number="372" hits="0"/>
						<line number="381" hits="0"/>
						<line number="382" hits="0" branch="true" condition-coverage="0% (0/2)" missing-branches="383,384"/>
						<line number="383" hits="0"/>
						<line number="384" hits="0" branch="true" condition-coverage="0% (0/2)" missing-branches="385,386"/>
						<line number="385" hits="0"/>
						<line number="386" hits="0" branch="true" condition-coverage="0% (0/2)" missing-branches="387,388"/>
						<line number="387" hits="0"/>
						<line number="388" hits="0" branch="true" condition-coverage="0% (0/2)" missing-branches="389,390"/>
						<line number="389" hits="0"/>
						<line number="390" hits="0"/>
						<line number="393" hits="0"/>
						<line number="402" hits="0"/>
						<line number="409" hits="0"/>
						<line number="410" hits="0" branch="true" condition-coverage="0% (0/2)" missing-branches="411,412"/>
						<line number="411" hits="0"/>
						<line number="412" hits="0" branch="true" condition-coverage="0% (0/2)" missing-branches="413,414"/>
						<line number="413" hits="0"/>
						<line number="414" hits="0"/>
						<line number="422" hits="0"/>
						<line number="425" hits="0"/>
						<line number="428" hits="0"/>
						<line number="431" hits="0"/>
						<line number="438" hits="0"/>
						<line number="439" hits="0" branch="true" condition-coverage="0% (0/2)" missing-branches="440,441"/>
						<line number="440" hits="0"/>
						<line number="441" hits="0" branch="true" condition-coverage="0% (0/2)" missing-branches="442,443"/>
						<line number="442" hits="0"/>
						<line number="443" hits="0"/>
						<line number="446" hits="0"/>
						<line number="449" hits="0"/>
						<line number="457" hits="0"/>
						<line number="458" hits="0" branch="true" condition-coverage="0% (0/2)" missing-branches="459,460"/>
						<line number="459" hits="0"/>
						<line number="460" hits="0" branch="true" condition-coverage="0% (0/2)" missing-branches="461,462"/>
						<line number="461" hits="0"/>
						<line number="462" hits="0" branch="true" condition-coverage="0% (0/2)" missing-branches="463,464"/>
						<line number="463" hits="0"/>
						<line number="464" hits="0"/>
						<line number="467" hits="0"/>
						<line number="470" hits="0"/>
						<line number="478" hits="0"/>
						<line number="479" hits="0" branch="true" condition-coverage="0% (0/2)" missing-branches="480,481"/>
						<line number="480" hits="0"/>
						<line number="481" hits="0" branch="true" condition-coverage="0% (0/2)" missing-branches="482,483"/>
						<line number="482" hits="0"/>
						<line number="483" hits="0" branch="true" condition-coverage="0% (0/2)" missing-branches="484,485"/>
						<line number="484" hits="0"/>
						<line number="485" hits="0"/>
						<line number="493" hits="0"/>
						<line number="496" hits="0"/>
						<line number="499" hits="0"/>
						<line number="502" hits="0"/>
						<line number="505" hits="0"/>
						<line number="508" hits="0"/>
						<line number="515" hits="0"/>
						<line number="516" hits="0" branch="true" condition-coverage="0% (0/2)" missing-branches="517,518"/>
						<line number="517" hits="0"/>
						<line number="518" hits="0" branch="true" condition-coverage="0% (0/2)" missing-branches="519,521"/>
						<line number="519" hits="0"/>
						<line number="520" hits="0"/>
						<line number="521" hits="0"/>
						<line number="529" hits="0"/>
						<line number="532" hits="0"/>
						<line number="533" hits="0"/>
						<line number="535" hits="0"/>
						<line number="536" hits="0"/>
						<line number="538" hits="0"/>
						<line number="539" hits="0"/>
						<line number="542" hits="0"/>
						<line number="543" hits="0"/>
						<line number="546" hits="0"/>
						<line number="547" hits="0"/>
						<line number="549" hits="0"/>
						<line number="550" hits="0"/>
						<line number="552" hits="0"/>
						<line number="553" hits="0"/>
						<line number="555" hits="0"/>
						<line number="556" hits="0"/>
						<line number="558" hits="0"/>
						<line number="560" hits="0"/>
						<line number="573" hits="0"/>
					</lines>
				</class>
				<class name="findings.py" filename="findings.py" complexity="0" line-rate="0" branch-rate="0">
					<methods/>
					<lines>
						<line number="8" hits="0"/>
						<line number="9" hits="0"/>
						<line number="10" hits="0"/>
						<line number="13" hits="0"/>
						<line number="14" hits="0"/>
						<line number="18" hits="0"/>
						<line number="21" hits="0"/>
						<line number="24" hits="0"/>
						<line number="27" hits="0"/>
						<line number="30" hits="0"/>
						<line number="32" hits="0"/>
						<line number="33" hits="0"/>
						<line number="35" hits="0"/>
						<line number="36" hits="0"/>
						<line number="38" hits="0"/>
						<line number="39" hits="0"/>
						<line number="41" hits="0"/>
						<line number="42" hits="0"/>
						<line number="44" hits="0"/>
						<line number="45" hits="0"/>
						<line number="47" hits="0"/>
						<line number="48" hits="0"/>
						<line number="50" hits="0"/>
						<line number="51" hits="0"/>
						<line number="53" hits="0"/>
						<line number="54" hits="0"/>
						<line number="57" hits="0"/>
						<line number="58" hits="0"/>
						<line number="62" hits="0"/>
						<line number="65" hits="0"/>
						<line number="68" hits="0"/>
						<line number="70" hits="0"/>
						<line number="71" hits="0"/>
						<line number="74" hits="0"/>
						<line number="75" hits="0"/>
						<line number="84" hits="0"/>
						<line number="87" hits="0"/>
						<line number="90" hits="0"/>
						<line number="93" hits="0"/>
						<line number="96" hits="0"/>
						<line number="99" hits="0"/>
						<line number="102" hits="0"/>
						<line number="105" hits="0"/>
						<line number="106" hits="0"/>
						<line number="108" hits="0"/>
						<line number="109" hits="0"/>
						<line number="112" hits="0"/>
						<line number="113" hits="0"/>
						<line number="115" hits="0"/>
						<line number="116" hits="0"/>
						<line number="118" hits="0"/>
						<line number="119" hits="0"/>
						<line number="121" hits="0"/>
						<line number="122" hits="0"/>
						<line number="124" hits="0"/>
						<line number="125" hits="0"/>
						<line number="127" hits="0"/>
						<line number="129" hits="0" branch="true" condition-coverage="0% (0/2)" missing-branches="exit,130"/>
						<line number="130" hits="0"/>
						<line number="132" hits="0"/>
						<line number="134" hits="0"/>
						<line number="177" hits="0"/>
						<line number="178" hits="0"/>
						<line number="180" hits="0"/>
						<line number="189" hits="0"/>
						<line number="198" hits="0"/>
						<line number="199" hits="0"/>
						<line number="210" hits="0"/>
						<line number="211" hits="0"/>
						<line number="229" hits="0"/>
						<line number="230" hits="0"/>
						<line number="234" hits="0"/>
						<line number="237" hits="0"/>
						<line number="240" hits="0"/>
						<line number="243" hits="0"/>
						<line number="246" hits="0"/>
						<line number="248" hits="0"/>
						<line number="249" hits="0"/>
						<line number="251" hits="0"/>
						<line number="252" hits="0"/>
						<line number="254" hits="0"/>
						<line number="255" hits="0"/>
						<line number="257" hits="0"/>
						<line number="258" hits="0"/>
						<line number="260" hits="0"/>
						<line number="261" hits="0"/>
						<line number="263" hits="0"/>
						<line number="264" hits="0"/>
						<line number="266" hits="0"/>
						<line number="267" hits="0"/>
						<line number="269" hits="0"/>
						<line number="270" hits="0"/>
						<line number="272" hits="0"/>
						<line number="273" hits="0"/>
						<line number="275" hits="0"/>
						<line number="276" hits="0"/>
						<line number="279" hits="0"/>
						<line number="280" hits="0"/>
						<line number="284" hits="0"/>
						<line number="287" hits="0"/>
						<line number="290" hits="0"/>
						<line number="293" hits="0"/>
						<line number="296" hits="0"/>
						<line number="298" hits="0"/>
						<line number="299" hits="0"/>
						<line number="301" hits="0"/>
						<line number="303" hits="0" branch="true" condition-coverage="0% (0/2)" missing-branches="exit,304"/>
						<line number="304" hits="0"/>
					</lines>
				</class>
				<class name="nautilus_runner.py" filename="nautilus_runner.py" complexity="0" line-rate="0" branch-rate="0">
					<methods/>
					<lines>
						<line number="10" hits="0"/>
						<line number="11" hits="0"/>
						<line number="12" hits="0"/>
						<line number="13" hits="0"/>
						<line number="15" hits="0"/>
						<line number="16" hits="0"/>
						<line number="17" hits="0"/>
						<line number="18" hits="0"/>
						<line number="19" hits="0"/>
						<line number="20" hits="0"/>
						<line number="21" hits="0"/>
						<line number="22" hits="0"/>
						<line number="23" hits="0"/>
						<line number="24" hits="0"/>
						<line number="25" hits="0"/>
						<line number="26" hits="0"/>
						<line number="28" hits="0"/>
						<line number="30" hits="0"/>
						<line number="38" hits="0"/>
						<line number="39" hits="0"/>
						<line number="42" hits="0"/>
						<line number="43" hits="0"/>
						<line number="45" hits="0"/>
						<line number="46" hits="0"/>
						<line number="48" hits="0"/>
						<line number="49" hits="0"/>
						<line number="52" hits="0"/>
						<line number="53" hits="0"/>
						<line number="56" hits="0"/>
						<line number="57" hits="0"/>
						<line number="59" hits="0"/>
						<line number="60" hits="0"/>
						<line number="62" hits="0"/>
						<line number="63" hits="0"/>
						<line number="66" hits="0"/>
						<line number="67" hits="0"/>
						<line number="70" hits="0"/>
						<line number="71" hits="0"/>
						<line number="73" hits="0"/>
						<line number="74" hits="0"/>
						<line number="76" hits="0"/>
						<line number="77" hits="0"/>
						<line number="79" hits="0"/>
						<line number="80" hits="0"/>
						<line number="82" hits="0"/>
						<line number="83" hits="0"/>
						<line number="85" hits="0"/>
						<line number="86" hits="0"/>
						<line number="88" hits="0"/>
						<line number="89" hits="0"/>
						<line number="91" hits="0"/>
						<line number="92" hits="0"/>
						<line number="94" hits="0"/>
						<line number="95" hits="0"/>
						<line number="98" hits="0"/>
						<line number="99" hits="0"/>
						<line number="103" hits="0"/>
						<line number="106" hits="0"/>
						<line number="109" hits="0"/>
						<line number="112" hits="0"/>
						<line number="115" hits="0"/>
						<line number="118" hits="0"/>
						<line number="121" hits="0"/>
						<line number="124" hits="0"/>
						<line number="127" hits="0"/>
						<line number="130" hits="0"/>
						<line number="133" hits="0"/>
						<line number="135" hits="0"/>
						<line number="136" hits="0"/>
						<line number="138" hits="0"/>
						<line number="139" hits="0"/>
						<line number="147" hits="0"/>
						<line number="158" hits="0"/>
						<line number="165" hits="0"/>
						<line number="166" hits="0"/>
						<line number="168" hits="0"/>
						<line number="170" hits="0"/>
						<line number="176" hits="0"/>
						<line number="178" hits="0"/>
						<line number="182" hits="0"/>
						<line number="187" hits="0"/>
						<line number="189" hits="0"/>
						<line number="191" hits="0"/>
						<line number="193" hits="0"/>
						<line number="195" hits="0"/>
						<line number="197" hits="0"/>
						<line number="218" hits="0"/>
						<line number="220" hits="0"/>
						<line number="223" hits="0"/>
						<line number="226" hits="0"/>
						<line number="229" hits="0"/>
						<line number="232" hits="0"/>
						<line number="242" hits="0"/>
						<line number="245" hits="0"/>
						<line number="246" hits="0"/>
						<line number="249" hits="0"/>
						<line number="250" hits="0"/>
						<line number="252" hits="0"/>
						<line number="255" hits="0"/>
						<line number="261" hits="0"/>
						<line number="262" hits="0"/>
						<line number="263" hits="0"/>
						<line number="264" hits="0"/>
						<line number="266" hits="0"/>
						<line number="267" hits="0"/>
						<line number="269" hits="0"/>
						<line number="270" hits="0" branch="true" condition-coverage="0% (0/2)" missing-branches="271,273"/>
						<line number="271" hits="0"/>
						<line number="273" hits="0"/>
						<line number="274" hits="0"/>
						<line number="277" hits="0" branch="true" condition-coverage="0% (0/2)" missing-branches="278,285"/>
						<line number="278" hits="0"/>
						<line number="285" hits="0" branch="true" condition-coverage="0% (0/2)" missing-branches="exit,286"/>
						<line number="286" hits="0"/>
						<line number="292" hits="0"/>
						<line number="293" hits="0"/>
						<line number="295" hits="0"/>
						<line number="297" hits="0"/>
						<line number="302" hits="0"/>
						<line number="305" hits="0"/>
						<line number="306" hits="0"/>
						<line number="311" hits="0"/>
						<line number="314" hits="0"/>
						<line number="317" hits="0"/>
						<line number="320" hits="0"/>
						<line number="321" hits="0"/>
						<line number="322" hits="0"/>
						<line number="325" hits="0"/>
						<line number="328" hits="0"/>
						<line number="329" hits="0"/>
						<line number="331" hits="0"/>
						<line number="346" hits="0"/>
						<line number="348" hits="0"/>
						<line number="350" hits="0"/>
						<line number="352" hits="0"/>
						<line number="357" hits="0"/>
						<line number="363" hits="0"/>
						<line number="365" hits="0"/>
						<line number="367" hits="0" branch="true" condition-coverage="0% (0/2)" missing-branches="369,386"/>
						<line number="369" hits="0" branch="true" condition-coverage="0% (0/2)" missing-branches="370,372"/>
						<line number="370" hits="0"/>
						<line number="372" hits="0"/>
						<line number="374" hits="0"/>
						<line number="384" hits="0"/>
						<line number="386" hits="0"/>
						<line number="388" hits="0"/>
						<line number="395" hits="0"/>
						<line number="397" hits="0"/>
						<line number="399" hits="0"/>
						<line number="400" hits="0"/>
						<line number="401" hits="0"/>
						<line number="402" hits="0"/>
						<line number="403" hits="0"/>
						<line number="404" hits="0"/>
						<line number="405" hits="0"/>
						<line number="407" hits="0"/>
						<line number="409" hits="0"/>
						<line number="410" hits="0"/>
						<line number="411" hits="0"/>
						<line number="412" hits="0"/>
						<line number="413" hits="0"/>
						<line number="414" hits="0"/>
						<line number="415" hits="0"/>
						<line number="417" hits="0"/>
						<line number="427" hits="0"/>
						<line number="442" hits="0"/>
						<line number="443" hits="0"/>
						<line number="445" hits="0"/>
						<line number="447" hits="0" branch="true" condition-coverage="0% (0/2)" missing-branches="448,449"/>
						<line number="448" hits="0"/>
						<line number="449" hits="0"/>
						<line number="451" hits="0"/>
						<line number="474" hits="0"/>
						<line number="495" hits="0"/>
						<line number="515" hits="0"/>
						<line number="537" hits="0"/>
						<line number="543" hits="0"/>
						<line number="544" hits="0"/>
					</lines>
				</class>
				<class name="originality.py" filename="originality.py" complexity="0" line-rate="0.6875" branch-rate="0.5333">
					<methods/>
					<lines>
						<line number="14" hits="1"/>
						<line number="16" hits="1"/>
						<line number="17" hits="1"/>
						<line number="18" hits="1"/>
						<line number="19" hits="1"/>
						<line number="25" hits="1"/>
						<line number="37" hits="1"/>
						<line number="38" hits="1" branch="true" condition-coverage="100% (2/2)"/>
						<line number="39" hits="1"/>
						<line number="42" hits="1"/>
						<line number="56" hits="1"/>
						<line number="59" hits="1"/>
						<line number="60" hits="1"/>
						<line number="61" hits="1"/>
						<line number="63" hits="1"/>
						<line number="66" hits="1"/>
						<line number="76" hits="1" branch="true" condition-coverage="50% (1/2)" missing-branches="77"/>
						<line number="77" hits="0"/>
						<line number="79" hits="1" branch="true" condition-coverage="100% (2/2)"/>
						<line number="80" hits="1"/>
						<line number="81" hits="1"/>
						<line number="82" hits="1"/>
						<line number="84" hits="1"/>
						<line number="86" hits="1"/>
						<line number="87" hits="1"/>
						<line number="89" hits="1"/>
						<line number="92" hits="1"/>
						<line number="101" hits="1"/>
						<line number="103" hits="1"/>
						<line number="105" hits="1"/>
						<line number="107" hits="1" branch="true" condition-coverage="100% (2/2)"/>
						<line number="108" hits="1" branch="true" condition-coverage="100% (2/2)"/>
						<line number="109" hits="1"/>
						<line number="110" hits="1"/>
						<line number="112" hits="1"/>
						<line number="114" hits="1"/>
						<line number="117" hits="1"/>
						<line number="131" hits="1" branch="true" condition-coverage="100% (2/2)"/>
						<line number="132" hits="1"/>
						<line number="133" hits="1"/>
						<line number="136" hits="1"/>
						<line number="137" hits="1"/>
						<line number="140" hits="1"/>
						<line number="141" hits="1"/>
						<line number="143" hits="1"/>
						<line number="146" hits="1"/>
						<line number="159" hits="1"/>
						<line number="160" hits="1"/>
						<line number="163" hits="1"/>
						<line number="165" hits="1"/>
						<line number="166" hits="1"/>
						<line number="168" hits="1"/>
						<line number="169" hits="1"/>
						<line number="171" hits="1"/>
						<line number="174" hits="1"/>
						<line number="192" hits="1" branch="true" condition-coverage="100% (2/2)"/>
						<line number="193" hits="1"/>
						<line number="195" hits="1"/>
						<line number="196" hits="1"/>
						<line number="198" hits="0"/>
						<line number="199" hits="0"/>
						<line number="201" hits="0" branch="true" condition-coverage="0% (0/2)" missing-branches="202,215"/>
						<line number="202" hits="0"/>
						<line number="203" hits="0"/>
						<line number="204" hits="0"/>
						<line number="205" hits="0"/>
						<line number="207" hits="0" branch="true" condition-coverage="0% (0/2)" missing-branches="201,208"/>
						<line number="208" hits="0"/>
						<line number="209" hits="0" branch="true" condition-coverage="0% (0/2)" missing-branches="201,210"/>
						<line number="210" hits="0"/>
						<line number="211" hits="0"/>
						<line number="213" hits="0"/>
						<line number="215" hits="0"/>
						<line number="216" hits="0"/>
						<line number="219" hits="1"/>
						<line number="238" hits="1"/>
						<line number="239" hits="1" branch="true" condition-coverage="100% (2/2)"/>
						<line number="240" hits="1"/>
						<line number="241" hits="1"/>
						<line number="242" hits="1"/>
						<line number="243" hits="0"/>
						<line number="244" hits="1"/>
						<line number="245" hits="0"/>
						<line number="247" hits="1"/>
						<line number="249" hits="1" branch="true" condition-coverage="50% (1/2)" missing-branches="271"/>
						<line number="250" hits="1"/>
						<line number="251" hits="1"/>
						<line number="252" hits="1"/>
						<line number="254" hits="0"/>
						<line number="255" hits="0"/>
						<line number="257" hits="0" branch="true" condition-coverage="0% (0/2)" missing-branches="258,264"/>
						<line number="258" hits="0"/>
						<line number="259" hits="0" branch="true" condition-coverage="0% (0/2)" missing-branches="257,260"/>
						<line number="260" hits="0"/>
						<line number="261" hits="0" branch="true" condition-coverage="0% (0/2)" missing-branches="257,262"/>
						<line number="262" hits="0"/>
						<line number="264" hits="0"/>
						<line number="265" hits="0"/>
						<line number="267" hits="1"/>
						<line number="269" hits="0"/>
						<line number="271" hits="0"/>
						<line number="274" hits="1"/>
						<line number="287" hits="1"/>
						<line number="289" hits="1"/>
						<line number="290" hits="1"/>
						<line number="291" hits="1"/>
						<line number="292" hits="0"/>
						<line number="293" hits="0"/>
						<line number="294" hits="0"/>
						<line number="295" hits="1"/>
						<line number="297" hits="0"/>
						<line number="298" hits="0"/>
					</lines>
				</class>
				<class name="validation.py" filename="validation.py" complexity="0" line-rate="0" branch-rate="0">
					<methods/>
					<lines>
						<line number="25" hits="0"/>
						<line number="27" hits="0"/>
						<line number="28" hits="0"/>
						<line number="29" hits="0"/>
						<line number="31" hits="0"/>
						<line number="32" hits="0"/>
						<line number="34" hits="0"/>
						<line number="63" hits="0"/>
						<line number="64" hits="0"/>
						<line number="68" hits="0"/>
						<line number="69" hits="0"/>
						<line number="71" hits="0"/>
						<line number="72" hits="0"/>
						<line number="75" hits="0"/>
						<line number="76" hits="0"/>
						<line number="78" hits="0"/>
						<line number="79" hits="0"/>
						<line number="82" hits="0"/>
						<line number="83" hits="0"/>
						<line number="85" hits="0"/>
						<line number="86" hits="0"/>
						<line number="89" hits="0"/>
						<line number="90" hits="0"/>
						<line number="92" hits="0"/>
						<line number="93" hits="0"/>
						<line number="95" hits="0"/>
						<line number="96" hits="0"/>
						<line number="99" hits="0"/>
						<line number="100" hits="0"/>
						<line number="102" hits="0"/>
						<line number="103" hits="0"/>
						<line number="105" hits="0"/>
						<line number="106" hits="0"/>
						<line number="109" hits="0"/>
						<line number="110" hits="0"/>
						<line number="112" hits="0"/>
						<line number="113" hits="0"/>
						<line number="115" hits="0"/>
						<line number="116" hits="0"/>
						<line number="118" hits="0"/>
						<line number="119" hits="0"/>
						<line number="122" hits="0"/>
						<line number="123" hits="0"/>
						<line number="157" hits="0"/>
						<line number="167" hits="0"/>
						<line number="181" hits="0"/>
						<line number="182" hits="0"/>
						<line number="183" hits="0"/>
						<line number="189" hits="0"/>
						<line number="218" hits="0"/>
						<line number="221" hits="0"/>
						<line number="222" hits="0"/>
						<line number="224" hits="0" branch="true" condition-coverage="0% (0/2)" missing-branches="225,227"/>
						<line number="225" hits="0"/>
						<line number="227" hits="0" branch="true" condition-coverage="0% (0/2)" missing-branches="228,230"/>
						<line number="228" hits="0"/>
						<line number="230" hits="0" branch="true" condition-coverage="0% (0/2)" missing-branches="231,233"/>
						<line number="231" hits="0"/>
						<line number="233" hits="0" branch="true" condition-coverage="0% (0/2)" missing-branches="234,236"/>
						<line number="234" hits="0"/>
						<line number="236" hits="0" branch="true" condition-coverage="0% (0/2)" missing-branches="237,239"/>
						<line number="237" hits="0"/>
						<line number="239" hits="0"/>
						<line number="241" hits="0"/>
						<line number="249" hits="0"/>
						<line number="252" hits="0" branch="true" condition-coverage="0% (0/2)" missing-branches="253,300"/>
						<line number="253" hits="0"/>
						<line number="254" hits="0"/>
						<line number="257" hits="0"/>
						<line number="258" hits="0" branch="true" condition-coverage="0% (0/2)" missing-branches="259,275"/>
						<line number="259" hits="0"/>
						<line number="275" hits="0"/>
						<line number="276" hits="0" branch="true" condition-coverage="0% (0/2)" missing-branches="277,300"/>
						<line number="277" hits="0"/>
						<line number="278" hits="0"/>
						<line number="283" hits="0"/>
						<line number="300" hits="0" branch="true" condition-coverage="0% (0/2)" missing-branches="301,320"/>
						<line number="301" hits="0" branch="true" condition-coverage="0% (0/2)" missing-branches="302,320"/>
						<line number="302" hits="0"/>
						<line number="303" hits="0" branch="true" condition-coverage="0% (0/2)" missing-branches="301,304"/>
						<line number="304" hits="0"/>
						<line number="320" hits="0"/>
						<line number="322" hits="0"/>
						<line number="330" hits="0"/>
						<line number="333" hits="0" branch="true" condition-coverage="0% (0/2)" missing-branches="334,361"/>
						<line number="334" hits="0" branch="true" condition-coverage="0% (0/2)" missing-branches="335,361"/>
						<line number="335" hits="0"/>
						<line number="336" hits="0" branch="true" condition-coverage="0% (0/2)" missing-branches="334,337"/>
						<line number="337" hits="0"/>
						<line number="338" hits="0"/>
						<line number="342" hits="0" branch="true" condition-coverage="0% (0/2)" missing-branches="336,343"/>
						<line number="343" hits="0"/>
						<line number="361" hits="0" branch="true" condition-coverage="0% (0/2)" missing-branches="363,387"/>
						<line number="363" hits="0" branch="true" condition-coverage="0% (0/2)" missing-branches="364,387"/>
						<line number="364" hits="0"/>
						<line number="365" hits="0"/>
						<line number="366" hits="0"/>
						<line number="368" hits="0"/>
						<line number="369" hits="0" branch="true" condition-coverage="0% (0/2)" missing-branches="370,387"/>
						<line number="370" hits="0"/>
						<line number="387" hits="0"/>
						<line number="389" hits="0"/>
						<line number="397" hits="0"/>
						<line number="399" hits="0" branch="true" condition-coverage="0% (0/2)" missing-branches="400,403"/>
						<line number="400" hits="0"/>
						<line number="403" hits="0"/>
						<line number="404" hits="0"/>
						<line number="406" hits="0" branch="true" condition-coverage="0% (0/2)" missing-branches="407,474"/>
						<line number="407" hits="0"/>
						<line number="408" hits="0" branch="true" condition-coverage="0% (0/2)" missing-branches="409,419"/>
						<line number="409" hits="0"/>
						<line number="417" hits="0"/>
						<line number="419" hits="0"/>
						<line number="420" hits="0"/>
						<line number="423" hits="0"/>
						<line number="424" hits="0" branch="true" condition-coverage="0% (0/2)" missing-branches="406,426"/>
						<line number="426" hits="0"/>
						<line number="427" hits="0"/>
						<line number="428" hits="0"/>
						<line number="429" hits="0"/>
						<line number="431" hits="0" branch="true" condition-coverage="0% (0/2)" missing-branches="432,438"/>
						<line number="432" hits="0"/>
						<line number="433" hits="0" branch="true" condition-coverage="0% (0/2)" missing-branches="431,434"/>
						<line number="434" hits="0"/>
						<line number="435" hits="0"/>
						<line number="436" hits="0"/>
						<line number="438" hits="0" branch="true" condition-coverage="0% (0/2)" missing-branches="439,456"/>
						<line number="439" hits="0"/>
						<line number="456" hits="0" branch="true" condition-coverage="0% (0/2)" missing-branches="406,457"/>
						<line number="457" hits="0"/>
						<line number="474" hits="0"/>
						<line number="476" hits="0"/>
						<line number="482" hits="0"/>
						<line number="484" hits="0" branch="true" condition-coverage="0% (0/2)" missing-branches="485,487"/>
						<line number="485" hits="0"/>
						<line number="487" hits="0" branch="true" condition-coverage="0% (0/2)" missing-branches="488,563"/>
						<line number="488" hits="0" branch="true" condition-coverage="0% (0/2)" missing-branches="489,491"/>
						<line number="489" hits="0"/>
						<line number="491" hits="0"/>
						<line number="493" hits="0" branch="true" condition-coverage="0% (0/2)" missing-branches="494,497"/>
						<line number="494" hits="0"/>
						<line number="497" hits="0" branch="true" condition-coverage="0% (0/2)" missing-branches="498,501"/>
						<line number="498" hits="0"/>
						<line number="501" hits="0"/>
						<line number="502" hits="0"/>
						<line number="506" hits="0" branch="true" condition-coverage="0% (0/2)" missing-branches="507,523"/>
						<line number="507" hits="0"/>
						<line number="523" hits="0" branch="true" condition-coverage="0% (0/2)" missing-branches="524,549"/>
						<line number="524" hits="0"/>
						<line number="525" hits="0" branch="true" condition-coverage="0% (0/2)" missing-branches="526,549"/>
						<line number="526" hits="0"/>
						<line number="529" hits="0" branch="true" condition-coverage="0% (0/2)" missing-branches="530,549"/>
						<line number="530" hits="0"/>
						<line number="549" hits="0"/>
						<line number="550" hits="0" branch="true" condition-coverage="0% (0/2)" missing-branches="487,551"/>
						<line number="551" hits="0"/>
						<line number="563" hits="0"/>
						<line number="565" hits="0"/>
						<line number="567" hits="0"/>
						<line number="570" hits="0" branch="true" condition-coverage="0% (0/2)" missing-branches="571,598"/>
						<line number="571" hits="0"/>
						<line number="572" hits="0" branch="true" condition-coverage="0% (0/2)" missing-branches="573,598"/>
						<line number="573" hits="0" branch="true" condition-coverage="0% (0/2)" missing-branches="574,598"/>
						<line number="574" hits="0" branch="true" condition-coverage="0% (0/2)" missing-branches="575,583"/>
						<line number="575" hits="0"/>
						<line number="583" hits="0" branch="true" condition-coverage="0% (0/2)" missing-branches="584,598"/>
						<line number="584" hits="0"/>
						<line number="598" hits="0"/>
						<line number="604" hits="0"/>
						<line number="629" hits="0"/>
						<line number="631" hits="0"/>
						<line number="632" hits="0"/>
						<line number="635" hits="0" branch="true" condition-coverage="0% (0/2)" missing-branches="636,645"/>
						<line number="636" hits="0"/>
						<line number="645" hits="0"/>
						<line number="646" hits="0"/>
						<line number="648" hits="0" branch="true" condition-coverage="0% (0/2)" missing-branches="649,666"/>
						<line number="649" hits="0"/>
						<line number="666" hits="0" branch="true" condition-coverage="0% (0/2)" missing-branches="667,704"/>
						<line number="667" hits="0"/>
						<line number="668" hits="0"/>
						<line number="670" hits="0" branch="true" condition-coverage="0% (0/2)" missing-branches="671,686"/>
						<line number="671" hits="0"/>
						<line number="686" hits="0" branch="true" condition-coverage="0% (0/2)" missing-branches="687,704"/>
						<line number="687" hits="0"/>
						<line number="704" hits="0" branch="true" condition-coverage="0% (0/2)" missing-branches="705,723"/>
						<line number="705" hits="0"/>
						<line number="706" hits="0" branch="true" condition-coverage="0% (0/2)" missing-branches="707,723"/>
						<line number="707" hits="0"/>
						<line number="723" hits="0" branch="true" condition-coverage="0% (0/2)" missing-branches="724,745"/>
						<line number="724" hits="0" branch="true" condition-coverage="0% (0/2)" missing-branches="725,745"/>
						<line number="725" hits="0"/>
						<line number="726" hits="0" branch="true" condition-coverage="0% (0/2)" missing-branches="727,745"/>
						<line number="727" hits="0"/>
						<line number="745" hits="0" branch="true" condition-coverage="0% (0/2)" missing-branches="746,755"/>
						<line number="746" hits="0"/>
						<line number="755" hits="0"/>
						<line number="761" hits="0"/>
						<line number="782" hits="0"/>
						<line number="784" hits="0"/>
						<line number="785" hits="0"/>
						<line number="788" hits="0"/>
						<line number="789" hits="0" branch="true" condition-coverage="0% (0/2)" missing-branches="790,806"/>
						<line number="790" hits="0"/>
						<line number="806" hits="0" branch="true" condition-coverage="0% (0/2)" missing-branches="807,820"/>
						<line number="807" hits="0"/>
						<line number="820" hits="0"/>
						<line number="821" hits="0" branch="true" condition-coverage="0% (0/2)" missing-branches="822,832"/>
						<line number="822" hits="0"/>
						<line number="832" hits="0"/>
						<line number="833" hits="0" branch="true" condition-coverage="0% (0/2)" missing-branches="834,844"/>
						<line number="834" hits="0"/>
						<line number="844" hits="0"/>
						<line number="845" hits="0"/>
						<line number="848" hits="0" branch="true" condition-coverage="0% (0/2)" missing-branches="849,863"/>
						<line number="849" hits="0"/>
						<line number="863" hits="0" branch="true" condition-coverage="0% (0/2)" missing-branches="864,880"/>
						<line number="864" hits="0"/>
						<line number="880" hits="0" branch="true" condition-coverage="0% (0/2)" missing-branches="881,896"/>
						<line number="881" hits="0"/>
						<line number="882" hits="0" branch="true" condition-coverage="0% (0/2)" missing-branches="883,896"/>
						<line number="883" hits="0"/>
						<line number="896" hits="0" branch="true" condition-coverage="0% (0/2)" missing-branches="897,913"/>
						<line number="897" hits="0"/>
						<line number="898" hits="0" branch="true" condition-coverage="0% (0/2)" missing-branches="899,913"/>
						<line number="899" hits="0"/>
						<line number="913" hits="0" branch="true" condition-coverage="0% (0/2)" missing-branches="914,933"/>
						<line number="914" hits="0" branch="true" condition-coverage="0% (0/2)" missing-branches="915,933"/>
						<line number="915" hits="0"/>
						<line number="916" hits="0" branch="true" condition-coverage="0% (0/2)" missing-branches="914,917"/>
						<line number="917" hits="0"/>
						<line number="933" hits="0"/>
						<line number="939" hits="0"/>
						<line number="941" hits="0" branch="true" condition-coverage="0% (0/2)" missing-branches="942,943"/>
						<line number="942" hits="0"/>
						<line number="943" hits="0"/>
						<line number="945" hits="0"/>
						<line number="952" hits="0"/>
						<line number="953" hits="0"/>
						<line number="955" hits="0" branch="true" condition-coverage="0% (0/2)" missing-branches="956,965"/>
						<line number="956" hits="0"/>
						<line number="957" hits="0" branch="true" condition-coverage="0% (0/2)" missing-branches="958,960"/>
						<line number="958" hits="0"/>
						<line number="960" hits="0" branch="true" condition-coverage="0% (0/2)" missing-branches="955,961"/>
						<line number="961" hits="0"/>
						<line number="962" hits="0"/>
						<line number="963" hits="0"/>
						<line number="965" hits="0"/>
						<line number="967" hits="0"/>
						<line number="973" hits="0"/>
						<line number="975" hits="0"/>
						<line number="982" hits="0"/>
						<line number="983" hits="0"/>
						<line number="986" hits="0"/>
						<line number="987" hits="0"/>
						<line number="990" hits="0"/>
						<line number="991" hits="0"/>
						<line number="993" hits="0"/>
						<line number="999" hits="0"/>
						<line number="1009" hits="0"/>
						<line number="1011" hits="0" branch="true" condition-coverage="0% (0/2)" missing-branches="1012,1014"/>
						<line number="1012" hits="0"/>
						<line number="1014" hits="0"/>
						<line number="1016" hits="0"/>
						<line number="1032" hits="0"/>
						<line number="1033" hits="0"/>
						<line number="1035" hits="0"/>
						<line number="1041" hits="0"/>
						<line number="1043" hits="0"/>
						<line number="1045" hits="0"/>
						<line number="1053" hits="0"/>
					</lines>
				</class>
				<class name="vectorbt_runner.py" filename="vectorbt_runner.py" complexity="0" line-rate="0" branch-rate="0">
					<methods/>
					<lines>
						<line number="10" hits="0"/>
						<line number="11" hits="0"/>
						<line number="12" hits="0"/>
						<line number="13" hits="0"/>
						<line number="14" hits="0"/>
						<line number="15" hits="0"/>
						<line number="16" hits="0"/>
						<line number="18" hits="0"/>
						<line number="19" hits="0"/>
						<line number="20" hits="0"/>
						<line number="21" hits="0"/>
						<line number="23" hits="0"/>
						<line number="31" hits="0"/>
						<line number="39" hits="0"/>
						<line number="40" hits="0"/>
						<line number="44" hits="0"/>
						<line number="47" hits="0"/>
						<line number="50" hits="0"/>
						<line number="53" hits="0"/>
						<line number="77" hits="0"/>
						<line number="79" hits="0"/>
						<line number="81" hits="0"/>
						<line number="83" hits="0"/>
						<line number="91" hits="0"/>
						<line number="94" hits="0"/>
						<line number="95" hits="0"/>
						<line number="96" hits="0"/>
						<line number="98" hits="0"/>
						<line number="99" hits="0"/>
						<line number="100" hits="0"/>
						<line number="106" hits="0"/>
						<line number="111" hits="0"/>
						<line number="112" hits="0"/>
						<line number="113" hits="0"/>
						<line number="114" hits="0"/>
						<line number="117" hits="0"/>
						<line number="120" hits="0"/>
						<line number="121" hits="0"/>
						<line number="123" hits="0"/>
						<line number="125" hits="0"/>
						<line number="126" hits="0"/>
						<line number="135" hits="0"/>
						<line number="136" hits="0"/>
						<line number="146" hits="0"/>
						<line number="149" hits="0"/>
						<line number="150" hits="0"/>
						<line number="151" hits="0"/>
						<line number="153" hits="0"/>
						<line number="154" hits="0"/>
						<line number="155" hits="0"/>
						<line number="160" hits="0"/>
						<line number="165" hits="0"/>
						<line number="166" hits="0"/>
						<line number="167" hits="0"/>
						<line number="170" hits="0"/>
						<line number="171" hits="0"/>
						<line number="174" hits="0"/>
						<line number="175" hits="0"/>
						<line number="178" hits="0"/>
						<line number="179" hits="0"/>
						<line number="180" hits="0"/>
						<line number="181" hits="0"/>
						<line number="183" hits="0"/>
						<line number="185" hits="0"/>
						<line number="186" hits="0"/>
						<line number="187" hits="0"/>
						<line number="188" hits="0"/>
						<line number="197" hits="0"/>
						<line number="198" hits="0"/>
						<line number="199" hits="0"/>
						<line number="200" hits="0"/>
						<line number="210" hits="0"/>
						<line number="213" hits="0"/>
						<line number="214" hits="0"/>
						<line number="215" hits="0"/>
						<line number="217" hits="0"/>
						<line number="218" hits="0"/>
						<line number="219" hits="0"/>
						<line number="224" hits="0"/>
						<line number="229" hits="0"/>
						<line number="230" hits="0"/>
						<line number="231" hits="0"/>
						<line number="234" hits="0"/>
						<line number="237" hits="0"/>
						<line number="238" hits="0"/>
						<line number="240" hits="0"/>
						<line number="242" hits="0"/>
						<line number="243" hits="0"/>
						<line number="244" hits="0"/>
						<line number="245" hits="0"/>
						<line number="254" hits="0"/>
						<line number="255" hits="0"/>
						<line number="256" hits="0"/>
						<line number="257" hits="0"/>
						<line number="268" hits="0"/>
						<line number="280" hits="0"/>
						<line number="282" hits="0"/>
						<line number="285" hits="0"/>
						<line number="286" hits="0"/>
						<line number="287" hits="0"/>
						<line number="290" hits="0"/>
						<line number="291" hits="0"/>
						<line number="293" hits="0"/>
						<line number="294" hits="0"/>
						<line number="295" hits="0"/>
						<line number="296" hits="0"/>
						<line number="297" hits="0"/>
						<line number="298" hits="0"/>
						<line number="300" hits="0" branch="true" condition-coverage="0% (0/2)" missing-branches="302,317"/>
						<line number="302" hits="0"/>
						<line number="303" hits="0"/>
						<line number="304" hits="0"/>
						<line number="305" hits="0"/>
						<line number="308" hits="0"/>
						<line number="309" hits="0"/>
						<line number="310" hits="0"/>
						<line number="311" hits="0"/>
						<line number="314" hits="0"/>
						<line number="317" hits="0"/>
						<line number="318" hits="0" branch="true" condition-coverage="0% (0/2)" missing-branches="319,325"/>
						<line number="319" hits="0"/>
						<line number="320" hits="0"/>
						<line number="321" hits="0" branch="true" condition-coverage="0% (0/2)" missing-branches="322,325"/>
						<line number="322" hits="0"/>
						<line number="325" hits="0"/>
						<line number="326" hits="0"/>
						<line number="329" hits="0"/>
						<line number="332" hits="0"/>
						<line number="335" hits="0"/>
						<line number="336" hits="0"/>
						<line number="337" hits="0" branch="true" condition-coverage="0% (0/2)" missing-branches="338,340"/>
						<line number="338" hits="0"/>
						<line number="340" hits="0"/>
						<line number="357" hits="0"/>
						<line number="359" hits="0" branch="true" condition-coverage="0% (0/2)" missing-branches="360,362"/>
						<line number="360" hits="0"/>
						<line number="362" hits="0"/>
						<line number="363" hits="0"/>
						<line number="364" hits="0"/>
						<line number="365" hits="0"/>
						<line number="367" hits="0" branch="true" condition-coverage="0% (0/2)" missing-branches="368,377"/>
						<line number="368" hits="0" branch="true" condition-coverage="0% (0/2)" missing-branches="369,373"/>
						<line number="369" hits="0"/>
						<line number="370" hits="0"/>
						<line number="371" hits="0"/>
						<line number="373" hits="0"/>
						<line number="374" hits="0"/>
						<line number="375" hits="0"/>
						<line number="377" hits="0"/>
						<line number="385" hits="0"/>
						<line number="393" hits="0"/>
						<line number="405" hits="0"/>
						<line number="408" hits="0" branch="true" condition-coverage="0% (0/2)" missing-branches="409,412"/>
						<line number="409" hits="0"/>
						<line number="412" hits="0" branch="true" condition-coverage="0% (0/2)" missing-branches="413,415"/>
						<line number="413" hits="0"/>
						<line number="415" hits="0"/>
						<line number="417" hits="0"/>
						<line number="419" hits="0" branch="true" condition-coverage="0% (0/2)" missing-branches="420,421"/>
						<line number="420" hits="0"/>
						<line number="421" hits="0"/>
						<line number="423" hits="0"/>
						<line number="425" hits="0"/>
						<line number="427" hits="0"/>
						<line number="442" hits="0"/>
						<line number="444" hits="0"/>
						<line number="447" hits="0"/>
						<line number="448" hits="0"/>
						<line number="450" hits="0" branch="true" condition-coverage="0% (0/2)" missing-branches="451,454"/>
						<line number="451" hits="0"/>
						<line number="454" hits="0"/>
						<line number="455" hits="0" branch="true" condition-coverage="0% (0/2)" missing-branches="456,459"/>
						<line number="456" hits="0"/>
						<line number="457" hits="0"/>
						<line number="459" hits="0"/>
						<line number="460" hits="0"/>
						<line number="463" hits="0"/>
						<line number="465" hits="0" branch="true" condition-coverage="0% (0/2)" missing-branches="466,478"/>
						<line number="466" hits="0"/>
						<line number="468" hits="0"/>
						<line number="469" hits="0"/>
						<line number="470" hits="0"/>
						<line number="472" hits="0" branch="true" condition-coverage="0% (0/2)" missing-branches="465,473"/>
						<line number="473" hits="0"/>
						<line number="474" hits="0"/>
						<line number="475" hits="0"/>
						<line number="476" hits="0"/>
						<line number="478" hits="0"/>
						<line number="479" hits="0"/>
						<line number="482" hits="0"/>
						<line number="483" hits="0"/>
						<line number="484" hits="0"/>
						<line number="487" hits="0"/>
						<line number="488" hits="0" branch="true" condition-coverage="0% (0/2)" missing-branches="489,504"/>
						<line number="489" hits="0"/>
						<line number="502" hits="0"/>
						<line number="504" hits="0"/>
						<line number="506" hits="0"/>
						<line number="514" hits="0"/>
						<line number="521" hits="0"/>
						<line number="533" hits="0"/>
						<line number="535" hits="0"/>
						<line number="537" hits="0"/>
						<line number="538" hits="0"/>
						<line number="540" hits="0"/>
						<line number="542" hits="0"/>
						<line number="545" hits="0" branch="true" condition-coverage="0% (0/2)" missing-branches="546,549"/>
						<line number="546" hits="0"/>
						<line number="549" hits="0" branch="true" condition-coverage="0% (0/2)" missing-branches="550,553"/>
						<line number="550" hits="0"/>
						<line number="553" hits="0" branch="true" condition-coverage="0% (0/2)" missing-branches="554,556"/>
						<line number="554" hits="0"/>
						<line number="556" hits="0"/>
						<line number="558" hits="0"/>
						<line number="560" hits="0"/>
						<line number="562" hits="0" branch="true" condition-coverage="0% (0/2)" missing-branches="563,565"/>
						<line number="563" hits="0"/>
						<line number="565" hits="0" branch="true" condition-coverage="0% (0/2)" missing-branches="566,568"/>
						<line number="566" hits="0"/>
						<line number="568" hits="0" branch="true" condition-coverage="0% (0/2)" missing-branches="569,571"/>
						<line number="569" hits="0"/>
						<line number="571" hits="0" branch="true" condition-coverage="0% (0/2)" missing-branches="572,574"/>
						<line number="572" hits="0"/>
						<line number="574" hits="0"/>
						<line number="576" hits="0"/>
						<line number="589" hits="0"/>
						<line number="591" hits="0"/>
						<line number="599" hits="0"/>
						<line number="607" hits="0"/>
						<line number="619" hits="0"/>
						<line number="621" hits="0" branch="true" condition-coverage="0% (0/2)" missing-branches="622,624"/>
						<line number="622" hits="0"/>
						<line number="624" hits="0"/>
						<line number="626" hits="0" branch="true" condition-coverage="0% (0/2)" missing-branches="627,629"/>
						<line number="627" hits="0"/>
						<line number="629" hits="0"/>
						<line number="631" hits="0" branch="true" condition-coverage="0% (0/2)" missing-branches="632,634"/>
						<line number="632" hits="0"/>
						<line number="634" hits="0"/>
						<line number="636" hits="0" branch="true" condition-coverage="0% (0/2)" missing-branches="637,639"/>
						<line number="637" hits="0"/>
						<line number="639" hits="0"/>
						<line number="641" hits="0"/>
					</lines>
				</class>
			</classes>
		</package>
		<package name="evaluator" line-rate="0" branch-rate="0" complexity="0">
			<classes>
				<class name="bradley_terry.py" filename="evaluator/bradley_terry.py" complexity="0" line-rate="0" branch-rate="0">
					<methods/>
					<lines>
						<line number="50" hits="0"/>
						<line number="52" hits="0"/>
						<line number="54" hits="0"/>
						<line number="55" hits="0"/>
						<line number="56" hits="0"/>
						<line number="62" hits="0"/>
						<line number="81" hits="0"/>
						<line number="98" hits="0"/>
						<line number="100" hits="0" branch="true" condition-coverage="0% (0/2)" missing-branches="101,102"/>
						<line number="101" hits="0"/>
						<line number="102" hits="0" branch="true" condition-coverage="0% (0/2)" missing-branches="103,105"/>
						<line number="103" hits="0"/>
						<line number="105" hits="0"/>
						<line number="106" hits="0"/>
						<line number="107" hits="0"/>
						<line number="110" hits="0"/>
						<line number="111" hits="0"/>
						<line number="113" hits="0" branch="true" condition-coverage="0% (0/2)" missing-branches="115,125"/>
						<line number="115" hits="0"/>
						<line number="117" hits="0"/>
						<line number="119" hits="0"/>
						<line number="121" hits="0"/>
						<line number="122" hits="0"/>
						<line number="125" hits="0"/>
						<line number="127" hits="0"/>
						<line number="130" hits="0"/>
						<line number="132" hits="0"/>
						<line number="134" hits="0" branch="true" condition-coverage="0% (0/2)" missing-branches="exit,135"/>
						<line number="135" hits="0" branch="true" condition-coverage="0% (0/2)" missing-branches="134,136"/>
						<line number="136" hits="0"/>
						<line number="137" hits="0" branch="true" condition-coverage="0% (0/2)" missing-branches="134,138"/>
						<line number="138" hits="0"/>
						<line number="140" hits="0"/>
						<line number="153" hits="0" branch="true" condition-coverage="0% (0/2)" missing-branches="154,155"/>
						<line number="154" hits="0"/>
						<line number="155" hits="0" branch="true" condition-coverage="0% (0/2)" missing-branches="156,158"/>
						<line number="156" hits="0"/>
						<line number="158" hits="0"/>
						<line number="160" hits="0"/>
						<line number="189" hits="0" branch="true" condition-coverage="0% (0/2)" missing-branches="190,195"/>
						<line number="190" hits="0"/>
						<line number="195" hits="0"/>
						<line number="198" hits="0" branch="true" condition-coverage="0% (0/2)" missing-branches="199,201"/>
						<line number="199" hits="0"/>
						<line number="201" hits="0" branch="true" condition-coverage="0% (0/2)" missing-branches="202,207"/>
						<line number="202" hits="0"/>
						<line number="207" hits="0" branch="true" condition-coverage="0% (0/2)" missing-branches="208,211"/>
						<line number="208" hits="0"/>
						<line number="211" hits="0"/>
						<line number="212" hits="0"/>
						<line number="216" hits="0"/>
						<line number="221" hits="0"/>
						<line number="224" hits="0"/>
						<line number="226" hits="0"/>
						<line number="240" hits="0"/>
						<line number="241" hits="0" branch="true" condition-coverage="0% (0/2)" missing-branches="242,246"/>
						<line number="242" hits="0"/>
						<line number="243" hits="0"/>
						<line number="246" hits="0"/>
						<line number="249" hits="0" branch="true" condition-coverage="0% (0/2)" missing-branches="250,252"/>
						<line number="250" hits="0"/>
						<line number="252" hits="0"/>
						<line number="254" hits="0"/>
						<line number="275" hits="0" branch="true" condition-coverage="0% (0/2)" missing-branches="276,281"/>
						<line number="276" hits="0"/>
						<line number="281" hits="0"/>
						<line number="282" hits="0"/>
						<line number="285" hits="0"/>
						<line number="287" hits="0"/>
						<line number="289" hits="0"/>
						<line number="314" hits="0" branch="true" condition-coverage="0% (0/2)" missing-branches="315,318"/>
						<line number="315" hits="0"/>
						<line number="318" hits="0"/>
						<line number="321" hits="0"/>
						<line number="324" hits="0"/>
						<line number="327" hits="0"/>
						<line number="330" hits="0"/>
						<line number="332" hits="0"/>
						<line number="334" hits="0"/>
						<line number="341" hits="0"/>
						<line number="347" hits="0"/>
						<line number="349" hits="0"/>
						<line number="350" hits="0"/>
						<line number="361" hits="0"/>
						<line number="364" hits="0"/>
						<line number="371" hits="0"/>
						<line number="373" hits="0"/>
						<line number="376" hits="0"/>
						<line number="407" hits="0" branch="true" condition-coverage="0% (0/2)" missing-branches="408,410"/>
						<line number="408" hits="0"/>
						<line number="410" hits="0" branch="true" condition-coverage="0% (0/2)" missing-branches="411,414"/>
						<line number="411" hits="0"/>
						<line number="414" hits="0"/>
						<line number="415" hits="0"/>
						<line number="416" hits="0"/>
						<line number="417" hits="0" branch="true" condition-coverage="0% (0/2)" missing-branches="418,421"/>
						<line number="418" hits="0"/>
						<line number="421" hits="0"/>
						<line number="424" hits="0"/>
						<line number="425" hits="0"/>
						<line number="427" hits="0" branch="true" condition-coverage="0% (0/2)" missing-branches="428,457"/>
						<line number="428" hits="0"/>
						<line number="429" hits="0"/>
						<line number="430" hits="0"/>
						<line number="433" hits="0"/>
						<line number="436" hits="0" branch="true" condition-coverage="0% (0/2)" missing-branches="437,451"/>
						<line number="437" hits="0"/>
						<line number="440" hits="0"/>
						<line number="441" hits="0"/>
						<line number="442" hits="0"/>
						<line number="445" hits="0"/>
						<line number="447" hits="0"/>
						<line number="448" hits="0"/>
						<line number="451" hits="0"/>
						<line number="452" hits="0"/>
						<line number="454" hits="0" branch="true" condition-coverage="0% (0/2)" missing-branches="427,455"/>
						<line number="455" hits="0"/>
						<line number="457" hits="0"/>
					</lines>
				</class>
				<class name="calibration.py" filename="evaluator/calibration.py" complexity="0" line-rate="0" branch-rate="0">
					<methods/>
					<lines>
						<line number="10" hits="0"/>
						<line number="11" hits="0"/>
						<line number="12" hits="0"/>
						<line number="13" hits="0"/>
						<line number="14" hits="0"/>
						<line number="15" hits="0"/>
						<line number="16" hits="0"/>
						<line number="17" hits="0"/>
						<line number="19" hits="0"/>
						<line number="20" hits="0"/>
						<line number="21" hits="0"/>
						<line number="22" hits="0"/>
						<line number="23" hits="0"/>
						<line number="25" hits="0"/>
						<line number="33" hits="0"/>
						<line number="36" hits="0"/>
						<line number="37" hits="0"/>
						<line number="39" hits="0"/>
						<line number="40" hits="0"/>
						<line number="42" hits="0"/>
						<line number="43" hits="0"/>
						<line number="46" hits="0"/>
						<line number="47" hits="0"/>
						<line number="50" hits="0"/>
						<line number="51" hits="0"/>
						<line number="53" hits="0"/>
						<line number="54" hits="0"/>
						<line number="56" hits="0"/>
						<line number="57" hits="0"/>
						<line number="59" hits="0"/>
						<line number="60" hits="0"/>
						<line number="62" hits="0"/>
						<line number="63" hits="0"/>
						<line number="66" hits="0"/>
						<line number="67" hits="0"/>
						<line number="71" hits="0"/>
						<line number="74" hits="0"/>
						<line number="77" hits="0"/>
						<line number="80" hits="0"/>
						<line number="83" hits="0"/>
						<line number="85" hits="0"/>
						<line number="86" hits="0"/>
						<line number="89" hits="0"/>
						<line number="90" hits="0"/>
						<line number="94" hits="0"/>
						<line number="97" hits="0"/>
						<line number="100" hits="0"/>
						<line number="103" hits="0"/>
						<line number="106" hits="0"/>
						<line number="109" hits="0"/>
						<line number="112" hits="0"/>
						<line number="114" hits="0"/>
						<line number="115" hits="0"/>
						<line number="123" hits="0"/>
						<line number="142" hits="0" branch="true" condition-coverage="0% (0/2)" missing-branches="143,145"/>
						<line number="143" hits="0"/>
						<line number="145" hits="0"/>
						<line number="146" hits="0"/>
						<line number="147" hits="0"/>
						<line number="149" hits="0" branch="true" condition-coverage="0% (0/2)" missing-branches="150,169"/>
						<line number="150" hits="0"/>
						<line number="151" hits="0"/>
						<line number="154" hits="0"/>
						<line number="155" hits="0" branch="true" condition-coverage="0% (0/2)" missing-branches="156,158"/>
						<line number="156" hits="0"/>
						<line number="158" hits="0"/>
						<line number="159" hits="0" branch="true" condition-coverage="0% (0/2)" missing-branches="160,163"/>
						<line number="160" hits="0"/>
						<line number="163" hits="0"/>
						<line number="164" hits="0"/>
						<line number="167" hits="0"/>
						<line number="169" hits="0"/>
						<line number="177" hits="0"/>
						<line number="192" hits="0"/>
						<line number="199" hits="0"/>
						<line number="202" hits="0"/>
						<line number="203" hits="0"/>
						<line number="206" hits="0"/>
						<line number="207" hits="0"/>
						<line number="210" hits="0"/>
						<line number="211" hits="0"/>
						<line number="212" hits="0"/>
						<line number="213" hits="0"/>
						<line number="215" hits="0"/>
						<line number="216" hits="0"/>
						<line number="218" hits="0"/>
						<line number="220" hits="0"/>
						<line number="221" hits="0"/>
						<line number="223" hits="0"/>
						<line number="225" hits="0"/>
						<line number="226" hits="0"/>
						<line number="228" hits="0"/>
						<line number="230" hits="0"/>
						<line number="239" hits="0" branch="true" condition-coverage="0% (0/2)" missing-branches="240,241"/>
						<line number="240" hits="0"/>
						<line number="241" hits="0" branch="true" condition-coverage="0% (0/2)" missing-branches="242,244"/>
						<line number="242" hits="0"/>
						<line number="244" hits="0"/>
						<line number="245" hits="0"/>
						<line number="246" hits="0"/>
						<line number="249" hits="0" branch="true" condition-coverage="0% (0/2)" missing-branches="exit,250"/>
						<line number="250" hits="0"/>
						<line number="252" hits="0"/>
						<line number="264" hits="0" branch="true" condition-coverage="0% (0/2)" missing-branches="exit,265"/>
						<line number="265" hits="0"/>
						<line number="267" hits="0"/>
						<line number="277" hits="0" branch="true" condition-coverage="0% (0/2)" missing-branches="279,281"/>
						<line number="279" hits="0"/>
						<line number="281" hits="0"/>
						<line number="282" hits="0"/>
						<line number="284" hits="0" branch="true" condition-coverage="0% (0/2)" missing-branches="286,287"/>
						<line number="286" hits="0"/>
						<line number="287" hits="0" branch="true" condition-coverage="0% (0/2)" missing-branches="291,295"/>
						<line number="291" hits="0"/>
						<line number="293" hits="0"/>
						<line number="295" hits="0"/>
						<line number="297" hits="0" branch="true" condition-coverage="0% (0/2)" missing-branches="298,299"/>
						<line number="298" hits="0"/>
						<line number="299" hits="0"/>
						<line number="301" hits="0"/>
						<line number="308" hits="0" branch="true" condition-coverage="0% (0/2)" missing-branches="309,318"/>
						<line number="309" hits="0"/>
						<line number="318" hits="0"/>
						<line number="319" hits="0"/>
						<line number="322" hits="0"/>
						<line number="325" hits="0"/>
						<line number="326" hits="0"/>
						<line number="328" hits="0"/>
						<line number="337" hits="0"/>
						<line number="339" hits="0" branch="true" condition-coverage="0% (0/2)" missing-branches="340,345"/>
						<line number="340" hits="0"/>
						<line number="343" hits="0"/>
						<line number="345" hits="0"/>
						<line number="346" hits="0"/>
						<line number="349" hits="0" branch="true" condition-coverage="0% (0/2)" missing-branches="350,355"/>
						<line number="350" hits="0" branch="true" condition-coverage="0% (0/2)" missing-branches="351,353"/>
						<line number="351" hits="0"/>
						<line number="353" hits="0"/>
						<line number="355" hits="0"/>
						<line number="357" hits="0"/>
						<line number="358" hits="0" branch="true" condition-coverage="0% (0/2)" missing-branches="359,361"/>
						<line number="359" hits="0"/>
						<line number="361" hits="0"/>
						<line number="363" hits="0"/>
						<line number="364" hits="0"/>
						<line number="365" hits="0"/>
						<line number="366" hits="0"/>
						<line number="368" hits="0"/>
						<line number="371" hits="0"/>
						<line number="372" hits="0"/>
						<line number="374" hits="0"/>
						<line number="376" hits="0"/>
						<line number="381" hits="0"/>
						<line number="383" hits="0"/>
						<line number="385" hits="0"/>
						<line number="390" hits="0"/>
						<line number="392" hits="0"/>
						<line number="394" hits="0"/>
						<line number="395" hits="0"/>
						<line number="396" hits="0"/>
						<line number="397" hits="0"/>
						<line number="398" hits="0"/>
						<line number="399" hits="0"/>
						<line number="400" hits="0"/>
						<line number="401" hits="0"/>
						<line number="403" hits="0"/>
						<line number="410" hits="0"/>
						<line number="421" hits="0"/>
						<line number="422" hits="0"/>
						<line number="424" hits="0"/>
						<line number="425" hits="0"/>
						<line number="435" hits="0"/>
						<line number="436" hits="0"/>
						<line number="438" hits="0"/>
						<line number="439" hits="0"/>
						<line number="440" hits="0"/>
						<line number="441" hits="0"/>
						<line number="442" hits="0"/>
						<line number="443" hits="0"/>
						<line number="444" hits="0"/>
						<line number="445" hits="0"/>
						<line number="446" hits="0"/>
						<line number="448" hits="0"/>
						<line number="456" hits="0"/>
						<line number="457" hits="0"/>
						<line number="460" hits="0"/>
						<line number="461" hits="0"/>
						<line number="463" hits="0"/>
						<line number="464" hits="0"/>
						<line number="466" hits="0"/>
						<line number="467" hits="0"/>
						<line number="469" hits="0"/>
						<line number="470" hits="0"/>
						<line number="472" hits="0"/>
						<line number="473" hits="0"/>
						<line number="476" hits="0"/>
						<line number="486" hits="0"/>
						<line number="493" hits="0"/>
						<line number="496" hits="0"/>
						<line number="497" hits="0"/>
						<line number="500" hits="0"/>
						<line number="501" hits="0"/>
						<line number="502" hits="0"/>
						<line number="504" hits="0"/>
						<line number="505" hits="0"/>
						<line number="507" hits="0"/>
						<line number="509" hits="0"/>
						<line number="517" hits="0"/>
						<line number="518" hits="0"/>
						<line number="521" hits="0" branch="true" condition-coverage="0% (0/2)" missing-branches="exit,522"/>
						<line number="522" hits="0"/>
						<line number="524" hits="0"/>
						<line number="526" hits="0"/>
						<line number="527" hits="0"/>
						<line number="528" hits="0"/>
						<line number="529" hits="0"/>
						<line number="530" hits="0"/>
						<line number="534" hits="0"/>
						<line number="536" hits="0" branch="true" condition-coverage="0% (0/2)" missing-branches="exit,537"/>
						<line number="537" hits="0"/>
						<line number="539" hits="0"/>
						<line number="541" hits="0" branch="true" condition-coverage="0% (0/2)" missing-branches="542,544"/>
						<line number="542" hits="0"/>
						<line number="544" hits="0"/>
						<line number="545" hits="0"/>
						<line number="547" hits="0"/>
						<line number="548" hits="0"/>
						<line number="550" hits="0"/>
						<line number="552" hits="0"/>
						<line number="559" hits="0"/>
						<line number="560" hits="0"/>
						<line number="561" hits="0"/>
						<line number="563" hits="0"/>
						<line number="564" hits="0"/>
						<line number="567" hits="0"/>
						<line number="568" hits="0"/>
						<line number="569" hits="0" branch="true" condition-coverage="0% (0/2)" missing-branches="570,571"/>
						<line number="570" hits="0"/>
						<line number="571" hits="0" branch="true" condition-coverage="0% (0/2)" missing-branches="572,575"/>
						<line number="572" hits="0"/>
						<line number="575" hits="0"/>
						<line number="576" hits="0"/>
						<line number="578" hits="0" branch="true" condition-coverage="0% (0/2)" missing-branches="579,581"/>
						<line number="579" hits="0"/>
						<line number="580" hits="0"/>
						<line number="581" hits="0" branch="true" condition-coverage="0% (0/2)" missing-branches="582,584"/>
						<line number="582" hits="0"/>
						<line number="583" hits="0"/>
						<line number="584" hits="0" branch="true" condition-coverage="0% (0/2)" missing-branches="585,589"/>
						<line number="585" hits="0"/>
						<line number="586" hits="0"/>
						<line number="589" hits="0" branch="true" condition-coverage="0% (0/2)" missing-branches="590,593"/>
						<line number="590" hits="0"/>
						<line number="591" hits="0"/>
						<line number="593" hits="0"/>
						<line number="604" hits="0"/>
						<line number="606" hits="0"/>
						<line number="607" hits="0"/>
						<line number="608" hits="0"/>
						<line number="609" hits="0"/>
						<line number="610" hits="0"/>
						<line number="618" hits="0"/>
						<line number="628" hits="0"/>
						<line number="640" hits="0"/>
						<line number="641" hits="0"/>
						<line number="643" hits="0"/>
						<line number="645" hits="0"/>
						<line number="657" hits="0"/>
						<line number="660" hits="0" branch="true" condition-coverage="0% (0/2)" missing-branches="661,671"/>
						<line number="661" hits="0"/>
						<line number="662" hits="0"/>
						<line number="665" hits="0"/>
						<line number="666" hits="0" branch="true" condition-coverage="0% (0/2)" missing-branches="667,671"/>
						<line number="667" hits="0"/>
						<line number="668" hits="0"/>
						<line number="669" hits="0"/>
						<line number="671" hits="0"/>
						<line number="673" hits="0"/>
						<line number="675" hits="0"/>
						<line number="676" hits="0"/>
						<line number="677" hits="0"/>
						<line number="679" hits="0"/>
						<line number="689" hits="0"/>
						<line number="691" hits="0"/>
						<line number="698" hits="0"/>
						<line number="699" hits="0"/>
						<line number="701" hits="0"/>
					</lines>
				</class>
				<class name="expected_value.py" filename="evaluator/expected_value.py" complexity="0" line-rate="0" branch-rate="0">
					<methods/>
					<lines>
						<line number="47" hits="0"/>
						<line number="49" hits="0"/>
						<line number="50" hits="0"/>
						<line number="51" hits="0"/>
						<line number="52" hits="0"/>
						<line number="54" hits="0"/>
						<line number="56" hits="0"/>
						<line number="64" hits="0"/>
						<line number="67" hits="0"/>
						<line number="68" hits="0"/>
						<line number="70" hits="0"/>
						<line number="71" hits="0"/>
						<line number="73" hits="0"/>
						<line number="74" hits="0"/>
						<line number="76" hits="0"/>
						<line number="77" hits="0"/>
						<line number="79" hits="0"/>
						<line number="80" hits="0"/>
						<line number="82" hits="0"/>
						<line number="83" hits="0"/>
						<line number="86" hits="0"/>
						<line number="94" hits="0"/>
						<line number="105" hits="0"/>
						<line number="106" hits="0"/>
						<line number="109" hits="0"/>
						<line number="110" hits="0"/>
						<line number="112" hits="0"/>
						<line number="113" hits="0"/>
						<line number="115" hits="0"/>
						<line number="116" hits="0"/>
						<line number="118" hits="0"/>
						<line number="119" hits="0"/>
						<line number="121" hits="0"/>
						<line number="122" hits="0"/>
						<line number="124" hits="0"/>
						<line number="125" hits="0"/>
						<line number="127" hits="0"/>
						<line number="128" hits="0"/>
						<line number="130" hits="0"/>
						<line number="131" hits="0"/>
						<line number="133" hits="0"/>
						<line number="135" hits="0" branch="true" condition-coverage="0% (0/2)" missing-branches="136,138"/>
						<line number="136" hits="0"/>
						<line number="138" hits="0"/>
						<line number="139" hits="0" branch="true" condition-coverage="0% (0/2)" missing-branches="140,142"/>
						<line number="140" hits="0"/>
						<line number="142" hits="0" branch="true" condition-coverage="0% (0/2)" missing-branches="exit,143"/>
						<line number="143" hits="0"/>
						<line number="151" hits="0"/>
						<line number="152" hits="0"/>
						<line number="188" hits="0"/>
						<line number="189" hits="0"/>
						<line number="191" hits="0"/>
						<line number="192" hits="0"/>
						<line number="194" hits="0"/>
						<line number="195" hits="0"/>
						<line number="198" hits="0"/>
						<line number="199" hits="0"/>
						<line number="201" hits="0"/>
						<line number="202" hits="0"/>
						<line number="204" hits="0"/>
						<line number="205" hits="0"/>
						<line number="208" hits="0"/>
						<line number="209" hits="0"/>
						<line number="211" hits="0"/>
						<line number="212" hits="0"/>
						<line number="215" hits="0"/>
						<line number="216" hits="0"/>
						<line number="219" hits="0"/>
						<line number="220" hits="0"/>
						<line number="222" hits="0"/>
						<line number="224" hits="0"/>
						<line number="225" hits="0" branch="true" condition-coverage="0% (0/2)" missing-branches="exit,226"/>
						<line number="226" hits="0"/>
						<line number="230" hits="0"/>
						<line number="231" hits="0"/>
						<line number="241" hits="0"/>
						<line number="246" hits="0"/>
						<line number="248" hits="0"/>
						<line number="249" hits="0"/>
						<line number="258" hits="0"/>
						<line number="259" hits="0"/>
						<line number="265" hits="0"/>
						<line number="266" hits="0"/>
						<line number="273" hits="0"/>
						<line number="275" hits="0"/>
						<line number="276" hits="0"/>
						<line number="288" hits="0"/>
						<line number="290" hits="0"/>
						<line number="291" hits="0"/>
						<line number="298" hits="0"/>
						<line number="299" hits="0" branch="true" condition-coverage="0% (0/2)" missing-branches="300,301"/>
						<line number="300" hits="0"/>
						<line number="301" hits="0"/>
						<line number="303" hits="0"/>
						<line number="304" hits="0"/>
						<line number="317" hits="0" branch="true" condition-coverage="0% (0/2)" missing-branches="318,321"/>
						<line number="318" hits="0"/>
						<line number="321" hits="0"/>
						<line number="324" hits="0"/>
						<line number="325" hits="0"/>
						<line number="327" hits="0"/>
						<line number="328" hits="0"/>
						<line number="330" hits="0"/>
						<line number="331" hits="0"/>
						<line number="338" hits="0" branch="true" condition-coverage="0% (0/2)" missing-branches="339,340"/>
						<line number="339" hits="0"/>
						<line number="340" hits="0"/>
						<line number="342" hits="0"/>
						<line number="344" hits="0"/>
						<line number="346" hits="0"/>
						<line number="348" hits="0"/>
						<line number="350" hits="0"/>
						<line number="352" hits="0"/>
						<line number="373" hits="0"/>
						<line number="374" hits="0"/>
						<line number="376" hits="0"/>
						<line number="378" hits="0" branch="true" condition-coverage="0% (0/2)" missing-branches="389,390"/>
						<line number="389" hits="0"/>
						<line number="390" hits="0"/>
						<line number="398" hits="0"/>
						<line number="429" hits="0" branch="true" condition-coverage="0% (0/2)" missing-branches="430,433"/>
						<line number="430" hits="0"/>
						<line number="433" hits="0"/>
						<line number="437" hits="0"/>
						<line number="439" hits="0"/>
						<line number="441" hits="0"/>
						<line number="444" hits="0"/>
						<line number="486" hits="0" branch="true" condition-coverage="0% (0/2)" missing-branches="487,490"/>
						<line number="487" hits="0"/>
						<line number="490" hits="0" branch="true" condition-coverage="0% (0/2)" missing-branches="491,494"/>
						<line number="491" hits="0"/>
						<line number="492" hits="0"/>
						<line number="494" hits="0"/>
						<line number="496" hits="0" branch="true" condition-coverage="0% (0/2)" missing-branches="497,500"/>
						<line number="497" hits="0"/>
						<line number="498" hits="0"/>
						<line number="500" hits="0"/>
						<line number="503" hits="0"/>
						<line number="504" hits="0"/>
						<line number="505" hits="0"/>
						<line number="508" hits="0"/>
						<line number="509" hits="0" branch="true" condition-coverage="0% (0/2)" missing-branches="511,513"/>
						<line number="511" hits="0"/>
						<line number="513" hits="0"/>
						<line number="520" hits="0"/>
						<line number="523" hits="0"/>
						<line number="530" hits="0"/>
						<line number="531" hits="0"/>
						<line number="534" hits="0"/>
						<line number="535" hits="0" branch="true" condition-coverage="0% (0/2)" missing-branches="537,541"/>
						<line number="537" hits="0"/>
						<line number="538" hits="0"/>
						<line number="539" hits="0"/>
						<line number="541" hits="0"/>
						<line number="544" hits="0"/>
						<line number="592" hits="0" branch="true" condition-coverage="0% (0/2)" missing-branches="593,596"/>
						<line number="593" hits="0"/>
						<line number="596" hits="0"/>
						<line number="597" hits="0"/>
						<line number="599" hits="0"/>
						<line number="600" hits="0"/>
						<line number="601" hits="0"/>
						<line number="604" hits="0"/>
						<line number="605" hits="0"/>
						<line number="607" hits="0"/>
						<line number="631" hits="0"/>
						<line number="655" hits="0"/>
						<line number="662" hits="0"/>
						<line number="663" hits="0"/>
						<line number="665" hits="0"/>
						<line number="696" hits="0"/>
						<line number="699" hits="0"/>
						<line number="702" hits="0"/>
						<line number="712" hits="0"/>
						<line number="726" hits="0"/>
						<line number="736" hits="0"/>
						<line number="738" hits="0"/>
						<line number="739" hits="0"/>
						<line number="741" hits="0"/>
						<line number="749" hits="0"/>
					</lines>
				</class>
				<class name="llm_judge.py" filename="evaluator/llm_judge.py" complexity="0" line-rate="0" branch-rate="0">
					<methods/>
					<lines>
						<line number="41" hits="0"/>
						<line number="43" hits="0"/>
						<line number="44" hits="0"/>
						<line number="45" hits="0"/>
						<line number="46" hits="0"/>
						<line number="47" hits="0"/>
						<line number="49" hits="0"/>
						<line number="50" hits="0"/>
						<line number="52" hits="0"/>
						<line number="55" hits="0"/>
						<line number="56" hits="0"/>
						<line number="59" hits="0"/>
						<line number="60" hits="0"/>
						<line number="61" hits="0"/>
[...]
						<line number="39" hits="0"/>
						<line number="40" hits="0"/>
						<line number="41" hits="0"/>
						<line number="42" hits="0"/>
						<line number="45" hits="0"/>
						<line number="48" hits="0"/>
						<line number="51" hits="0"/>
						<line number="88" hits="0" branch="true" condition-coverage="0% (0/2)" missing-branches="89,92"/>
						<line number="89" hits="0"/>
						<line number="92" hits="0" branch="true" condition-coverage="0% (0/2)" missing-branches="93,94"/>
						<line number="93" hits="0"/>
						<line number="94" hits="0" branch="true" condition-coverage="0% (0/2)" missing-branches="95,96"/>
						<line number="95" hits="0"/>
						<line number="96" hits="0" branch="true" condition-coverage="0% (0/2)" missing-branches="97,98"/>
						<line number="97" hits="0"/>
						<line number="98" hits="0" branch="true" condition-coverage="0% (0/2)" missing-branches="99,102"/>
						<line number="99" hits="0"/>
						<line number="102" hits="0"/>
						<line number="103" hits="0" branch="true" condition-coverage="0% (0/2)" missing-branches="104,108"/>
						<line number="104" hits="0"/>
						<line number="105" hits="0"/>
						<line number="106" hits="0"/>
						<line number="108" hits="0"/>
						<line number="109" hits="0"/>
						<line number="110" hits="0"/>
						<line number="112" hits="0" branch="true" condition-coverage="0% (0/2)" missing-branches="113,119"/>
						<line number="113" hits="0"/>
						<line number="119" hits="0"/>
						<line number="121" hits="0" branch="true" condition-coverage="0% (0/2)" missing-branches="123,156"/>
						<line number="123" hits="0"/>
						<line number="124" hits="0"/>
						<line number="125" hits="0"/>
						<line number="126" hits="0"/>
						<line number="127" hits="0"/>
						<line number="132" hits="0"/>
						<line number="133" hits="0" branch="true" condition-coverage="0% (0/2)" missing-branches="134,137"/>
						<line number="134" hits="0"/>
						<line number="137" hits="0" branch="true" condition-coverage="0% (0/2)" missing-branches="138,144"/>
						<line number="138" hits="0"/>
						<line number="144" hits="0"/>
						<line number="147" hits="0"/>
						<line number="150" hits="0" branch="true" condition-coverage="0% (0/2)" missing-branches="152,154"/>
						<line number="152" hits="0"/>
						<line number="154" hits="0"/>
						<line number="156" hits="0"/>
						<line number="162" hits="0"/>
						<line number="193" hits="0" branch="true" condition-coverage="0% (0/2)" missing-branches="194,196"/>
						<line number="194" hits="0"/>
						<line number="196" hits="0"/>
						<line number="197" hits="0"/>
						<line number="200" hits="0"/>
						<line number="201" hits="0"/>
						<line number="204" hits="0"/>
						<line number="205" hits="0"/>
						<line number="207" hits="0" branch="true" condition-coverage="0% (0/2)" missing-branches="208,212"/>
						<line number="208" hits="0"/>
						<line number="212" hits="0" branch="true" condition-coverage="0% (0/2)" missing-branches="213,219"/>
						<line number="213" hits="0"/>
						<line number="219" hits="0" branch="true" condition-coverage="0% (0/2)" missing-branches="220,238"/>
						<line number="220" hits="0"/>
						<line number="221" hits="0"/>
						<line number="223" hits="0"/>
						<line number="225" hits="0" branch="true" condition-coverage="0% (0/2)" missing-branches="226,229"/>
						<line number="226" hits="0"/>
						<line number="229" hits="0" branch="true" condition-coverage="0% (0/2)" missing-branches="230,232"/>
						<line number="230" hits="0"/>
						<line number="232" hits="0"/>
						<line number="235" hits="0" branch="true" condition-coverage="0% (0/2)" missing-branches="219,236"/>
						<line number="236" hits="0"/>
						<line number="238" hits="0"/>
						<line number="243" hits="0"/>
						<line number="276" hits="0" branch="true" condition-coverage="0% (0/2)" missing-branches="277,279"/>
						<line number="277" hits="0"/>
						<line number="279" hits="0"/>
						<line number="280" hits="0"/>
						<line number="282" hits="0"/>
						<line number="284" hits="0"/>
						<line number="286" hits="0"/>
						<line number="287" hits="0"/>
						<line number="289" hits="0"/>
						<line number="296" hits="0"/>
						<line number="297" hits="0"/>
						<line number="298" hits="0"/>
						<line number="299" hits="0"/>
						<line number="300" hits="0"/>
						<line number="305" hits="0"/>
						<line number="340" hits="0" branch="true" condition-coverage="0% (0/2)" missing-branches="341,343"/>
						<line number="341" hits="0"/>
						<line number="343" hits="0"/>
						<line number="346" hits="0" branch="true" condition-coverage="0% (0/2)" missing-branches="347,355"/>
						<line number="347" hits="0"/>
						<line number="348" hits="0"/>
						<line number="351" hits="0"/>
						<line number="352" hits="0"/>
						<line number="355" hits="0" branch="true" condition-coverage="0% (0/2)" missing-branches="356,362"/>
						<line number="356" hits="0"/>
						<line number="357" hits="0"/>
						<line number="358" hits="0"/>
						<line number="359" hits="0"/>
						<line number="362" hits="0"/>
						<line number="363" hits="0"/>
						<line number="364" hits="0"/>
						<line number="365" hits="0"/>
						<line number="368" hits="0"/>
					</lines>
				</class>
				<class name="multi_leg.py" filename="greeks/multi_leg.py" complexity="0" line-rate="0" branch-rate="0">
					<methods/>
					<lines>
						<line number="22" hits="0"/>
						<line number="23" hits="0"/>
						<line number="25" hits="0"/>
						<line number="45" hits="0"/>
						<line number="46" hits="0"/>
						<line number="69" hits="0"/>
						<line number="71" hits="0"/>
						<line number="73" hits="0" branch="true" condition-coverage="0% (0/2)" missing-branches="74,75"/>
						<line number="74" hits="0"/>
						<line number="75" hits="0" branch="true" condition-coverage="0% (0/2)" missing-branches="76,77"/>
						<line number="76" hits="0"/>
						<line number="77" hits="0" branch="true" condition-coverage="0% (0/2)" missing-branches="78,79"/>
						<line number="78" hits="0"/>
						<line number="79" hits="0" branch="true" condition-coverage="0% (0/2)" missing-branches="80,81"/>
						<line number="80" hits="0"/>
						<line number="81" hits="0" branch="true" condition-coverage="0% (0/2)" missing-branches="exit,82"/>
						<line number="82" hits="0"/>
						<line number="84" hits="0"/>
						<line number="85" hits="0"/>
						<line number="87" hits="0"/>
						<line number="89" hits="0"/>
						<line number="102" hits="0"/>
						<line number="105" hits="0" branch="true" condition-coverage="0% (0/2)" missing-branches="106,113"/>
						<line number="106" hits="0"/>
						<line number="107" hits="0"/>
						<line number="108" hits="0"/>
						<line number="109" hits="0"/>
						<line number="110" hits="0"/>
						<line number="111" hits="0"/>
						<line number="113" hits="0"/>
						<line number="114" hits="0"/>
						<line number="115" hits="0"/>
						<line number="116" hits="0"/>
						<line number="117" hits="0"/>
						<line number="118" hits="0"/>
						<line number="121" hits="0"/>
						<line number="122" hits="0"/>
						<line number="123" hits="0"/>
						<line number="124" hits="0"/>
						<line number="125" hits="0"/>
						<line number="126" hits="0"/>
						<line number="128" hits="0"/>
						<line number="129" hits="0"/>
						<line number="130" hits="0"/>
						<line number="131" hits="0"/>
						<line number="132" hits="0"/>
						<line number="133" hits="0"/>
						<line number="136" hits="0"/>
						<line number="137" hits="0"/>
						<line number="138" hits="0"/>
						<line number="140" hits="0" branch="true" condition-coverage="0% (0/2)" missing-branches="141,146"/>
						<line number="141" hits="0"/>
						<line number="142" hits="0"/>
						<line number="143" hits="0"/>
						<line number="146" hits="0"/>
						<line number="148" hits="0"/>
						<line number="161" hits="0"/>
						<line number="162" hits="0"/>
						<line number="171" hits="0"/>
						<line number="173" hits="0"/>
						<line number="175" hits="0" branch="true" condition-coverage="0% (0/2)" missing-branches="exit,176"/>
						<line number="176" hits="0"/>
						<line number="178" hits="0"/>
						<line number="190" hits="0"/>
						<line number="191" hits="0"/>
						<line number="192" hits="0"/>
						<line number="193" hits="0"/>
						<line number="194" hits="0"/>
						<line number="195" hits="0"/>
						<line number="196" hits="0"/>
						<line number="197" hits="0"/>
						<line number="198" hits="0"/>
						<line number="200" hits="0" branch="true" condition-coverage="0% (0/2)" missing-branches="201,218"/>
						<line number="201" hits="0"/>
						<line number="203" hits="0"/>
						<line number="204" hits="0"/>
						<line number="205" hits="0"/>
						<line number="206" hits="0"/>
						<line number="207" hits="0"/>
						<line number="208" hits="0"/>
						<line number="210" hits="0" branch="true" condition-coverage="0% (0/2)" missing-branches="200,211"/>
						<line number="211" hits="0" branch="true" condition-coverage="0% (0/2)" missing-branches="212,213"/>
						<line number="212" hits="0"/>
						<line number="213" hits="0" branch="true" condition-coverage="0% (0/2)" missing-branches="214,215"/>
						<line number="214" hits="0"/>
						<line number="215" hits="0" branch="true" condition-coverage="0% (0/2)" missing-branches="200,216"/>
						<line number="216" hits="0"/>
						<line number="218" hits="0"/>
						<line number="230" hits="0"/>
						<line number="239" hits="0"/>
						<line number="241" hits="0"/>
						<line number="247" hits="0"/>
						<line number="249" hits="0"/>
						<line number="257" hits="0"/>
						<line number="259" hits="0"/>
						<line number="267" hits="0"/>
						<line number="269" hits="0"/>
						<line number="276" hits="0"/>
						<line number="284" hits="0"/>
						<line number="312" hits="0" branch="true" condition-coverage="0% (0/2)" missing-branches="313,315"/>
						<line number="313" hits="0"/>
						<line number="315" hits="0"/>
						<line number="340" hits="0"/>
						<line number="343" hits="0"/>
						<line number="375" hits="0" branch="true" condition-coverage="0% (0/2)" missing-branches="376,378"/>
						<line number="376" hits="0"/>
						<line number="378" hits="0"/>
						<line number="427" hits="0"/>
						<line number="430" hits="0"/>
						<line number="458" hits="0"/>
						<line number="483" hits="0"/>
						<line number="484" hits="0"/>
					</lines>
				</class>
				<class name="portfolio.py" filename="greeks/portfolio.py" complexity="0" line-rate="0" branch-rate="0">
					<methods/>
					<lines>
						<line number="24" hits="0"/>
						<line number="25" hits="0"/>
						<line number="27" hits="0"/>
						<line number="28" hits="0"/>
						<line number="31" hits="0"/>
						<line number="32" hits="0"/>
						<line number="45" hits="0"/>
						<line number="46" hits="0"/>
						<line number="48" hits="0"/>
						<line number="50" hits="0"/>
						<line number="51" hits="0"/>
						<line number="53" hits="0"/>
						<line number="56" hits="0"/>
						<line number="57" hits="0"/>
						<line number="68" hits="0"/>
						<line number="77" hits="0"/>
						<line number="80" hits="0"/>
						<line number="81" hits="0"/>
						<line number="92" hits="0"/>
						<line number="101" hits="0"/>
						<line number="104" hits="0"/>
						<line number="105" hits="0"/>
						<line number="118" hits="0"/>
						<line number="119" hits="0"/>
						<line number="120" hits="0"/>
						<line number="121" hits="0"/>
						<line number="123" hits="0"/>
						<line number="131" hits="0"/>
						<line number="135" hits="0"/>
						<line number="162" hits="0"/>
						<line number="173" hits="0"/>
						<line number="175" hits="0"/>
						<line number="182" hits="0"/>
						<line number="184" hits="0"/>
						<line number="198" hits="0"/>
						<line number="199" hits="0"/>
						<line number="200" hits="0"/>
						<line number="201" hits="0"/>
						<line number="202" hits="0"/>
						<line number="203" hits="0"/>
						<line number="204" hits="0"/>
						<line number="205" hits="0"/>
						<line number="206" hits="0"/>
						<line number="209" hits="0" branch="true" condition-coverage="0% (0/2)" missing-branches="210,214"/>
						<line number="210" hits="0"/>
						<line number="211" hits="0"/>
						<line number="214" hits="0" branch="true" condition-coverage="0% (0/2)" missing-branches="215,232"/>
						<line number="215" hits="0"/>
						<line number="216" hits="0"/>
						<line number="217" hits="0"/>
						<line number="218" hits="0"/>
						<line number="219" hits="0"/>
						<line number="220" hits="0"/>
						<line number="221" hits="0"/>
						<line number="223" hits="0" branch="true" condition-coverage="0% (0/2)" missing-branches="214,224"/>
						<line number="224" hits="0" branch="true" condition-coverage="0% (0/2)" missing-branches="225,226"/>
						<line number="225" hits="0"/>
						<line number="226" hits="0" branch="true" condition-coverage="0% (0/2)" missing-branches="227,228"/>
						<line number="227" hits="0"/>
						<line number="228" hits="0" branch="true" condition-coverage="0% (0/2)" missing-branches="214,229"/>
						<line number="229" hits="0"/>
						<line number="232" hits="0" branch="true" condition-coverage="0% (0/2)" missing-branches="233,249"/>
						<line number="233" hits="0"/>
						<line number="234" hits="0"/>
						<line number="235" hits="0"/>
						<line number="236" hits="0"/>
						<line number="237" hits="0"/>
						<line number="238" hits="0"/>
						<line number="239" hits="0"/>
						<line number="241" hits="0" branch="true" condition-coverage="0% (0/2)" missing-branches="232,242"/>
						<line number="242" hits="0" branch="true" condition-coverage="0% (0/2)" missing-branches="243,244"/>
						<line number="243" hits="0"/>
						<line number="244" hits="0" branch="true" condition-coverage="0% (0/2)" missing-branches="245,246"/>
						<line number="245" hits="0"/>
						<line number="246" hits="0" branch="true" condition-coverage="0% (0/2)" missing-branches="232,247"/>
						<line number="247" hits="0"/>
						<line number="249" hits="0"/>
						<line number="261" hits="0"/>
						<line number="274" hits="0"/>
						<line number="277" hits="0" branch="true" condition-coverage="0% (0/2)" missing-branches="278,304"/>
						<line number="278" hits="0" branch="true" condition-coverage="0% (0/2)" missing-branches="279,291"/>
						<line number="279" hits="0"/>
						<line number="291" hits="0"/>
						<line number="304" hits="0" branch="true" condition-coverage="0% (0/2)" missing-branches="305,340"/>
						<line number="305" hits="0" branch="true" condition-coverage="0% (0/2)" missing-branches="306,318"/>
						<line number="306" hits="0"/>
						<line number="318" hits="0"/>
						<line number="319" hits="0"/>
						<line number="321" hits="0"/>
						<line number="340" hits="0" branch="true" condition-coverage="0% (0/2)" missing-branches="341,375"/>
						<line number="341" hits="0" branch="true" condition-coverage="0% (0/2)" missing-branches="342,354"/>
						<line number="342" hits="0"/>
						<line number="354" hits="0"/>
						<line number="355" hits="0"/>
						<line number="357" hits="0"/>
						<line number="375" hits="0"/>
						<line number="377" hits="0"/>
						<line number="383" hits="0"/>
						<line number="384" hits="0"/>
						<line number="386" hits="0"/>
						<line number="395" hits="0"/>
						<line number="397" hits="0"/>
						<line number="412" hits="0" branch="true" condition-coverage="0% (0/2)" missing-branches="413,417"/>
						<line number="413" hits="0"/>
						<line number="414" hits="0"/>
						<line number="415" hits="0"/>
						<line number="417" hits="0"/>
					</lines>
				</class>
			</classes>
		</package>
		<package name="strategies" line-rate="0.8421" branch-rate="0.08333" complexity="0">
			<classes>
				<class name="base.py" filename="strategies/base.py" complexity="0" line-rate="0.8421" branch-rate="0.08333">
					<methods/>
					<lines>
						<line number="12" hits="1"/>
						<line number="14" hits="1"/>
						<line number="15" hits="1"/>
						<line number="16" hits="1"/>
						<line number="17" hits="1"/>
						<line number="18" hits="1"/>
						<line number="19" hits="1"/>
						<line number="21" hits="1"/>
						<line number="27" hits="1"/>
						<line number="28" hits="1"/>
						<line number="43" hits="1"/>
						<line number="44" hits="1"/>
						<line number="46" hits="1"/>
						<line number="47" hits="1"/>
						<line number="49" hits="1"/>
						<line number="50" hits="1"/>
						<line number="52" hits="1"/>
						<line number="53" hits="1"/>
						<line number="55" hits="1"/>
						<line number="56" hits="1"/>
						<line number="58" hits="1"/>
						<line number="78" hits="1"/>
						<line number="79" hits="1"/>
						<line number="82" hits="1"/>
						<line number="83" hits="1"/>
						<line number="84" hits="1"/>
						<line number="86" hits="1"/>
						<line number="89" hits="1"/>
						<line number="90" hits="1"/>
						<line number="93" hits="1"/>
						<line number="94" hits="1"/>
						<line number="96" hits="1"/>
						<line number="97" hits="1"/>
						<line number="99" hits="1"/>
						<line number="100" hits="1"/>
						<line number="102" hits="1"/>
						<line number="103" hits="1"/>
						<line number="105" hits="1"/>
						<line number="106" hits="1"/>
						<line number="108" hits="1"/>
						<line number="115" hits="1"/>
						<line number="117" hits="1"/>
						<line number="118" hits="1"/>
						<line number="120" hits="1"/>
						<line number="121" hits="1"/>
						<line number="123" hits="1"/>
						<line number="125" hits="1" branch="true" condition-coverage="50% (1/2)" missing-branches="exit"/>
						<line number="126" hits="1"/>
						<line number="129" hits="1"/>
						<line number="159" hits="1"/>
						<line number="160" hits="1"/>
						<line number="162" hits="1"/>
						<line number="163" hits="1"/>
						<line number="165" hits="1"/>
						<line number="166" hits="1"/>
						<line number="168" hits="1"/>
						<line number="169" hits="1"/>
						<line number="171" hits="1"/>
						<line number="172" hits="1"/>
						<line number="174" hits="1"/>
						<line number="181" hits="1"/>
						<line number="182" hits="1"/>
						<line number="227" hits="1"/>
						<line number="234" hits="1"/>
						<line number="236" hits="1"/>
						<line number="247" hits="1"/>
						<line number="249" hits="1"/>
						<line number="256" hits="1"/>
						<line number="257" hits="1"/>
						<line number="259" hits="0" branch="true" condition-coverage="0% (0/2)" missing-branches="260,263"/>
						<line number="260" hits="0"/>
						<line number="263" hits="0" branch="true" condition-coverage="0% (0/2)" missing-branches="264,267"/>
						<line number="264" hits="0"/>
						<line number="267" hits="0" branch="true" condition-coverage="0% (0/2)" missing-branches="268,271"/>
						<line number="268" hits="0"/>
						<line number="271" hits="0" branch="true" condition-coverage="0% (0/2)" missing-branches="272,275"/>
						<line number="272" hits="0"/>
						<line number="275" hits="0" branch="true" condition-coverage="0% (0/2)" missing-branches="276,280"/>
						<line number="276" hits="0"/>
						<line number="280" hits="0"/>
						<line number="282" hits="1"/>
						<line number="293" hits="1"/>
						<line number="294" hits="1"/>
						<line number="295" hits="0"/>
						<line number="298" hits="0"/>
						<line number="299" hits="0"/>
						<line number="301" hits="0"/>
						<line number="310" hits="1"/>
						<line number="312" hits="1"/>
						<line number="314" hits="1"/>
						<line number="321" hits="1"/>
						<line number="323" hits="1"/>
						<line number="324" hits="1"/>
						<line number="326" hits="1"/>
						<line number="328" hits="1"/>
					</lines>
				</class>
			</classes>
		</package>
	</packages>
</coverage>
